{"numTotalTestSuites":211,"numPassedTestSuites":208,"numFailedTestSuites":3,"numPendingTestSuites":0,"numTotalTests":618,"numPassedTests":586,"numFailedTests":32,"numPendingTests":0,"numTodoTests":0,"startTime":1759061874417,"success":false,"testResults":[{"assertionResults":[{"ancestorTitles":["","AppFooter Module","Module Structure and Metadata"],"fullName":" AppFooter Module Module Structure and Metadata should have correct module metadata","status":"passed","title":"should have correct module metadata","duration":84,"failureMessages":[]},{"ancestorTitles":["","AppFooter Module","Module Structure and Metadata"],"fullName":" AppFooter Module Module Structure and Metadata should have required module methods","status":"passed","title":"should have required module methods","duration":11,"failureMessages":[]},{"ancestorTitles":["","AppFooter Module","Module Structure and Metadata"],"fullName":" AppFooter Module Module Structure and Metadata should handle module initialization","status":"passed","title":"should handle module initialization","duration":11,"failureMessages":[]},{"ancestorTitles":["","AppFooter Module","Module Structure and Metadata"],"fullName":" AppFooter Module Module Structure and Metadata should handle module actions via handle method","status":"passed","title":"should handle module actions via handle method","duration":6,"failureMessages":[]},{"ancestorTitles":["","AppFooter Module","Component Rendering"],"fullName":" AppFooter Module Component Rendering should render footer component successfully","status":"passed","title":"should render footer component successfully","duration":14,"failureMessages":[]},{"ancestorTitles":["","AppFooter Module","Component Rendering"],"fullName":" AppFooter Module Component Rendering should display device information","status":"passed","title":"should display device information","duration":6,"failureMessages":[]},{"ancestorTitles":["","AppFooter Module","Component Rendering"],"fullName":" AppFooter Module Component Rendering should display build information","status":"passed","title":"should display build information","duration":9,"failureMessages":[]},{"ancestorTitles":["","AppFooter Module","Component Rendering"],"fullName":" AppFooter Module Component Rendering should display user information","status":"passed","title":"should display user information","duration":6,"failureMessages":[]},{"ancestorTitles":["","AppFooter Module","Component Rendering"],"fullName":" AppFooter Module Component Rendering should display current time","status":"passed","title":"should display current time","duration":11,"failureMessages":[]},{"ancestorTitles":["","AppFooter Module","Component Rendering"],"fullName":" AppFooter Module Component Rendering should display copyright information","status":"passed","title":"should display copyright information","duration":7,"failureMessages":[]},{"ancestorTitles":["","AppFooter Module","Component Rendering"],"fullName":" AppFooter Module Component Rendering should display device status","status":"passed","title":"should display device status","duration":6,"failureMessages":[]},{"ancestorTitles":["","AppFooter Module","Component Rendering"],"fullName":" AppFooter Module Component Rendering should have correct CSS classes for styling","status":"passed","title":"should have correct CSS classes for styling","duration":9,"failureMessages":[]},{"ancestorTitles":["","AppFooter Module","Reactivity and Props"],"fullName":" AppFooter Module Reactivity and Props should react to deviceInfo prop changes","status":"passed","title":"should react to deviceInfo prop changes","duration":22,"failureMessages":[]},{"ancestorTitles":["","AppFooter Module","Reactivity and Props"],"fullName":" AppFooter Module Reactivity and Props should react to buildInfo prop changes","status":"passed","title":"should react to buildInfo prop changes","duration":11,"failureMessages":[]},{"ancestorTitles":["","AppFooter Module","Reactivity and Props"],"fullName":" AppFooter Module Reactivity and Props should react to deviceStatus prop changes","status":"passed","title":"should react to deviceStatus prop changes","duration":18,"failureMessages":[]},{"ancestorTitles":["","AppFooter Module","Reactivity and Props"],"fullName":" AppFooter Module Reactivity and Props should react to currentUser prop changes","status":"passed","title":"should react to currentUser prop changes","duration":9,"failureMessages":[]},{"ancestorTitles":["","AppFooter Module","Reactivity and Props"],"fullName":" AppFooter Module Reactivity and Props should update current time automatically","status":"passed","title":"should update current time automatically","duration":1116,"failureMessages":[]},{"ancestorTitles":["","AppFooter Module","Reactivity and Props"],"fullName":" AppFooter Module Reactivity and Props should handle reactive store changes","status":"passed","title":"should handle reactive store changes","duration":14,"failureMessages":[]},{"ancestorTitles":["","AppFooter Module","Lifecycle and Initialization"],"fullName":" AppFooter Module Lifecycle and Initialization should mount component successfully","status":"passed","title":"should mount component successfully","duration":4,"failureMessages":[]},{"ancestorTitles":["","AppFooter Module","Lifecycle and Initialization"],"fullName":" AppFooter Module Lifecycle and Initialization should have correct component name","status":"passed","title":"should have correct component name","duration":4,"failureMessages":[]},{"ancestorTitles":["","AppFooter Module","Lifecycle and Initialization"],"fullName":" AppFooter Module Lifecycle and Initialization should initialize computed properties correctly","status":"passed","title":"should initialize computed properties correctly","duration":5,"failureMessages":[]},{"ancestorTitles":["","AppFooter Module","Lifecycle and Initialization"],"fullName":" AppFooter Module Lifecycle and Initialization should handle component destruction cleanly","status":"passed","title":"should handle component destruction cleanly","duration":5,"failureMessages":[]},{"ancestorTitles":["","AppFooter Module","Interactions and Events"],"fullName":" AppFooter Module Interactions and Events should handle user role styling correctly","status":"passed","title":"should handle user role styling correctly","duration":17,"failureMessages":[]},{"ancestorTitles":["","AppFooter Module","Interactions and Events"],"fullName":" AppFooter Module Interactions and Events should display device status with correct styling","status":"passed","title":"should display device status with correct styling","duration":25,"failureMessages":[]},{"ancestorTitles":["","AppFooter Module","Interactions and Events"],"fullName":" AppFooter Module Interactions and Events should handle touch events for 7.9\" display optimization","status":"passed","title":"should handle touch events for 7.9\" display optimization","duration":19,"failureMessages":[]},{"ancestorTitles":["","AppFooter Module","Accessibility and UX"],"fullName":" AppFooter Module Accessibility and UX should have proper structure for accessibility","status":"passed","title":"should have proper structure for accessibility","duration":7,"failureMessages":[]},{"ancestorTitles":["","AppFooter Module","Accessibility and UX"],"fullName":" AppFooter Module Accessibility and UX should be optimized for 7.9\" landscape display","status":"passed","title":"should be optimized for 7.9\" landscape display","duration":4,"failureMessages":[]},{"ancestorTitles":["","AppFooter Module","Accessibility and UX"],"fullName":" AppFooter Module Accessibility and UX should have readable font sizes for industrial display","status":"passed","title":"should have readable font sizes for industrial display","duration":5,"failureMessages":[]},{"ancestorTitles":["","AppFooter Module","Accessibility and UX"],"fullName":" AppFooter Module Accessibility and UX should display environment status with appropriate styling","status":"passed","title":"should display environment status with appropriate styling","duration":6,"failureMessages":[]},{"ancestorTitles":["","AppFooter Module","Props Validation and Defaults"],"fullName":" AppFooter Module Props Validation and Defaults should use default deviceInfo values when props not provided","status":"passed","title":"should use default deviceInfo values when props not provided","duration":7,"failureMessages":[]},{"ancestorTitles":["","AppFooter Module","Props Validation and Defaults"],"fullName":" AppFooter Module Props Validation and Defaults should use default buildInfo values when props not provided","status":"passed","title":"should use default buildInfo values when props not provided","duration":26,"failureMessages":[]},{"ancestorTitles":["","AppFooter Module","Props Validation and Defaults"],"fullName":" AppFooter Module Props Validation and Defaults should use default currentUser values when props not provided","status":"passed","title":"should use default currentUser values when props not provided","duration":23,"failureMessages":[]},{"ancestorTitles":["","AppFooter Module","Props Validation and Defaults"],"fullName":" AppFooter Module Props Validation and Defaults should validate device status values","status":"passed","title":"should validate device status values","duration":8,"failureMessages":[]},{"ancestorTitles":["","AppFooter Module","Props Validation and Defaults"],"fullName":" AppFooter Module Props Validation and Defaults should validate user roles and apply correct styling","status":"passed","title":"should validate user roles and apply correct styling","duration":15,"failureMessages":[]},{"ancestorTitles":["","AppFooter Module","Responsiveness and Styling"],"fullName":" AppFooter Module Responsiveness and Styling should apply correct device status CSS classes","status":"passed","title":"should apply correct device status CSS classes","duration":4,"failureMessages":[]},{"ancestorTitles":["","AppFooter Module","Responsiveness and Styling"],"fullName":" AppFooter Module Responsiveness and Styling should have proper layout structure","status":"passed","title":"should have proper layout structure","duration":4,"failureMessages":[]},{"ancestorTitles":["","AppFooter Module","Responsiveness and Styling"],"fullName":" AppFooter Module Responsiveness and Styling should maintain layout integrity with long text content","status":"passed","title":"should maintain layout integrity with long text content","duration":5,"failureMessages":[]},{"ancestorTitles":["","AppFooter Module","Responsiveness and Styling"],"fullName":" AppFooter Module Responsiveness and Styling should clean up time interval on component unmount","status":"passed","title":"should clean up time interval on component unmount","duration":3,"failureMessages":[]}],"startTime":1759061875944,"endTime":1759061877512,"status":"passed","message":"","name":"/home/tom/github/zlecenia/1001.mask.services/js/features/appFooter/0.1.0/appFooter.test.js"},{"assertionResults":[{"ancestorTitles":["","AppHeader Module","Header Structure Rendering"],"fullName":" AppHeader Module Header Structure Rendering should render header with correct main structure","status":"passed","title":"should render header with correct main structure","duration":64,"failureMessages":[]},{"ancestorTitles":["","AppHeader Module","Header Structure Rendering"],"fullName":" AppHeader Module Header Structure Rendering should render header-left section with logo elements","status":"passed","title":"should render header-left section with logo elements","duration":15,"failureMessages":[]},{"ancestorTitles":["","AppHeader Module","Header Structure Rendering"],"fullName":" AppHeader Module Header Structure Rendering should render all branding elements (hardware, product, software)","status":"passed","title":"should render all branding elements (hardware, product, software)","duration":4,"failureMessages":[]},{"ancestorTitles":["","AppHeader Module","Device Status Display"],"fullName":" AppHeader Module Device Status Display should render header-center with status indicator","status":"passed","title":"should render header-center with status indicator","duration":3,"failureMessages":[]},{"ancestorTitles":["","AppHeader Module","Device Status Display"],"fullName":" AppHeader Module Device Status Display should display device URL correctly","status":"passed","title":"should display device URL correctly","duration":4,"failureMessages":[]},{"ancestorTitles":["","AppHeader Module","Device Status Display"],"fullName":" AppHeader Module Device Status Display should show correct status dot for online device","status":"passed","title":"should show correct status dot for online device","duration":5,"failureMessages":[]},{"ancestorTitles":["","AppHeader Module","Device Status Display"],"fullName":" AppHeader Module Device Status Display should show correct role badge for online device","status":"passed","title":"should show correct role badge for online device","duration":4,"failureMessages":[]},{"ancestorTitles":["","AppHeader Module","Device Info and Language Selector"],"fullName":" AppHeader Module Device Info and Language Selector should render header-right section with device info","status":"passed","title":"should render header-right section with device info","duration":3,"failureMessages":[]},{"ancestorTitles":["","AppHeader Module","Device Info and Language Selector"],"fullName":" AppHeader Module Device Info and Language Selector should display device name and type correctly","status":"passed","title":"should display device name and type correctly","duration":4,"failureMessages":[]},{"ancestorTitles":["","AppHeader Module","Device Info and Language Selector"],"fullName":" AppHeader Module Device Info and Language Selector should render language selector with all language buttons","status":"passed","title":"should render language selector with all language buttons","duration":4,"failureMessages":[]},{"ancestorTitles":["","AppHeader Module","Device Info and Language Selector"],"fullName":" AppHeader Module Device Info and Language Selector should mark current language as active","status":"passed","title":"should mark current language as active","duration":2,"failureMessages":[]},{"ancestorTitles":["","AppHeader Module","User Interactions"],"fullName":" AppHeader Module User Interactions should emit language-changed event when language button clicked","status":"passed","title":"should emit language-changed event when language button clicked","duration":5,"failureMessages":[]},{"ancestorTitles":["","AppHeader Module","User Interactions"],"fullName":" AppHeader Module User Interactions should NOT emit language-changed for already active language","status":"passed","title":"should NOT emit language-changed for already active language","duration":3,"failureMessages":[]},{"ancestorTitles":["","AppHeader Module","User Interactions"],"fullName":" AppHeader Module User Interactions should emit logo-clicked event when logo area clicked","status":"passed","title":"should emit logo-clicked event when logo area clicked","duration":3,"failureMessages":[]},{"ancestorTitles":["","AppHeader Module","7.9 Inch Display Optimization"],"fullName":" AppHeader Module 7.9 Inch Display Optimization should apply landscape-7-9 class for device compatibility","status":"passed","title":"should apply landscape-7-9 class for device compatibility","duration":4,"failureMessages":[]},{"ancestorTitles":["","AppHeader Module","7.9 Inch Display Optimization"],"fullName":" AppHeader Module 7.9 Inch Display Optimization should have proper ARIA labels for accessibility","status":"passed","title":"should have proper ARIA labels for accessibility","duration":3,"failureMessages":[]},{"ancestorTitles":["","AppHeader Module","Props Validation and Defaults"],"fullName":" AppHeader Module Props Validation and Defaults should display deviceInfo with translation fallback behavior","status":"passed","title":"should display deviceInfo with translation fallback behavior","duration":6,"failureMessages":[]},{"ancestorTitles":["","AppHeader Module","Props Validation and Defaults"],"fullName":" AppHeader Module Props Validation and Defaults should handle offline device status correctly","status":"passed","title":"should handle offline device status correctly","duration":5,"failureMessages":[]},{"ancestorTitles":["","AppHeader Module","Props Validation and Defaults"],"fullName":" AppHeader Module Props Validation and Defaults should validate deviceStatus prop correctly","status":"passed","title":"should validate deviceStatus prop correctly","duration":4,"failureMessages":[]},{"ancestorTitles":["","AppHeader Module","Props Validation and Defaults"],"fullName":" AppHeader Module Props Validation and Defaults should validate currentLanguage prop correctly","status":"passed","title":"should validate currentLanguage prop correctly","duration":3,"failureMessages":[]},{"ancestorTitles":["","AppHeader Module","Component Lifecycle"],"fullName":" AppHeader Module Component Lifecycle should mount successfully and log message","status":"passed","title":"should mount successfully and log message","duration":4,"failureMessages":[]},{"ancestorTitles":["","AppHeader Module","Component Lifecycle"],"fullName":" AppHeader Module Component Lifecycle should have correct component name","status":"passed","title":"should have correct component name","duration":4,"failureMessages":[]},{"ancestorTitles":["","AppHeader Module Integration","Module Metadata"],"fullName":" AppHeader Module Integration Module Metadata should have correct module metadata","status":"passed","title":"should have correct module metadata","duration":0,"failureMessages":[]},{"ancestorTitles":["","AppHeader Module Integration","Module Metadata"],"fullName":" AppHeader Module Integration Module Metadata should initialize successfully","status":"passed","title":"should initialize successfully","duration":2,"failureMessages":[]},{"ancestorTitles":["","AppHeader Module Integration","Module Handle Method"],"fullName":" AppHeader Module Integration Module Handle Method should handle default request correctly","status":"passed","title":"should handle default request correctly","duration":1,"failureMessages":[]},{"ancestorTitles":["","AppHeader Module Integration","Module Handle Method"],"fullName":" AppHeader Module Integration Module Handle Method should handle custom request parameters","status":"passed","title":"should handle custom request parameters","duration":0,"failureMessages":[]}],"startTime":1759061877581,"endTime":1759061877743,"status":"passed","message":"","name":"/home/tom/github/zlecenia/1001.mask.services/js/features/appHeader/0.1.0/appHeader.test.js"},{"assertionResults":[{"ancestorTitles":["","AuditLogViewer Integration Tests","SecurityService Integration"],"fullName":" AuditLogViewer Integration Tests SecurityService Integration should integrate with SecurityService for audit log retrieval","status":"passed","title":"should integrate with SecurityService for audit log retrieval","duration":167,"failureMessages":[]},{"ancestorTitles":["","AuditLogViewer Integration Tests","SecurityService Integration"],"fullName":" AuditLogViewer Integration Tests SecurityService Integration should load audit logs from SecurityService","status":"passed","title":"should load audit logs from SecurityService","duration":39,"failureMessages":[]},{"ancestorTitles":["","AuditLogViewer Integration Tests","SecurityService Integration"],"fullName":" AuditLogViewer Integration Tests SecurityService Integration should log audit viewer initialization to SecurityService","status":"passed","title":"should log audit viewer initialization to SecurityService","duration":35,"failureMessages":[]},{"ancestorTitles":["","AuditLogViewer Integration Tests","SecurityService Integration"],"fullName":" AuditLogViewer Integration Tests SecurityService Integration should handle SecurityService error gracefully in integration","status":"passed","title":"should handle SecurityService error gracefully in integration","duration":24,"failureMessages":[]},{"ancestorTitles":["","AuditLogViewer Integration Tests","Component-Specific Log Filtering"],"fullName":" AuditLogViewer Integration Tests Component-Specific Log Filtering should filter logs by LoginForm component","status":"passed","title":"should filter logs by LoginForm component","duration":53,"failureMessages":[]},{"ancestorTitles":["","AuditLogViewer Integration Tests","Component-Specific Log Filtering"],"fullName":" AuditLogViewer Integration Tests Component-Specific Log Filtering should filter logs by MainMenu component","status":"passed","title":"should filter logs by MainMenu component","duration":27,"failureMessages":[]},{"ancestorTitles":["","AuditLogViewer Integration Tests","Component-Specific Log Filtering"],"fullName":" AuditLogViewer Integration Tests Component-Specific Log Filtering should filter logs by PressurePanel component","status":"passed","title":"should filter logs by PressurePanel component","duration":25,"failureMessages":[]},{"ancestorTitles":["","AuditLogViewer Integration Tests","Component-Specific Log Filtering"],"fullName":" AuditLogViewer Integration Tests Component-Specific Log Filtering should identify SecurityService events correctly","status":"passed","title":"should identify SecurityService events correctly","duration":37,"failureMessages":[]},{"ancestorTitles":["","AuditLogViewer Integration Tests","Multi-Language i18n Integration"],"fullName":" AuditLogViewer Integration Tests Multi-Language i18n Integration should use i18n translations for UI elements","status":"passed","title":"should use i18n translations for UI elements","duration":21,"failureMessages":[]},{"ancestorTitles":["","AuditLogViewer Integration Tests","Multi-Language i18n Integration"],"fullName":" AuditLogViewer Integration Tests Multi-Language i18n Integration should handle language switching integration","status":"passed","title":"should handle language switching integration","duration":27,"failureMessages":[]},{"ancestorTitles":["","AuditLogViewer Integration Tests","Multi-Language i18n Integration"],"fullName":" AuditLogViewer Integration Tests Multi-Language i18n Integration should gracefully handle missing translations","status":"passed","title":"should gracefully handle missing translations","duration":33,"failureMessages":[]},{"ancestorTitles":["","AuditLogViewer Integration Tests","Vuex Store Integration"],"fullName":" AuditLogViewer Integration Tests Vuex Store Integration should access current user from Vuex store","status":"passed","title":"should access current user from Vuex store","duration":17,"failureMessages":[]},{"ancestorTitles":["","AuditLogViewer Integration Tests","Vuex Store Integration"],"fullName":" AuditLogViewer Integration Tests Vuex Store Integration should check authentication status from store","status":"passed","title":"should check authentication status from store","duration":30,"failureMessages":[]},{"ancestorTitles":["","AuditLogViewer Integration Tests","Vuex Store Integration"],"fullName":" AuditLogViewer Integration Tests Vuex Store Integration should validate permissions for audit log access","status":"passed","title":"should validate permissions for audit log access","duration":13,"failureMessages":[]},{"ancestorTitles":["","AuditLogViewer Integration Tests","Vuex Store Integration"],"fullName":" AuditLogViewer Integration Tests Vuex Store Integration should validate export permissions","status":"passed","title":"should validate export permissions","duration":14,"failureMessages":[]},{"ancestorTitles":["","AuditLogViewer Integration Tests","Real-time Data Flow Integration"],"fullName":" AuditLogViewer Integration Tests Real-time Data Flow Integration should handle real-time log updates from multiple components","status":"passed","title":"should handle real-time log updates from multiple components","duration":44,"failureMessages":[]},{"ancestorTitles":["","AuditLogViewer Integration Tests","Real-time Data Flow Integration"],"fullName":" AuditLogViewer Integration Tests Real-time Data Flow Integration should maintain data consistency during concurrent updates","status":"passed","title":"should maintain data consistency during concurrent updates","duration":23,"failureMessages":[]},{"ancestorTitles":["","AuditLogViewer Integration Tests","Error Handling Integration"],"fullName":" AuditLogViewer Integration Tests Error Handling Integration should handle SecurityService unavailable scenario","status":"passed","title":"should handle SecurityService unavailable scenario","duration":22,"failureMessages":[]},{"ancestorTitles":["","AuditLogViewer Integration Tests","Error Handling Integration"],"fullName":" AuditLogViewer Integration Tests Error Handling Integration should handle i18n service failure gracefully","status":"passed","title":"should handle i18n service failure gracefully","duration":35,"failureMessages":[]},{"ancestorTitles":["","AuditLogViewer Integration Tests","Performance Integration"],"fullName":" AuditLogViewer Integration Tests Performance Integration should handle large datasets from multiple components efficiently","status":"passed","title":"should handle large datasets from multiple components efficiently","duration":126,"failureMessages":[]},{"ancestorTitles":["","AuditLogViewer Integration Tests","Performance Integration"],"fullName":" AuditLogViewer Integration Tests Performance Integration should maintain responsive UI during data processing","status":"passed","title":"should maintain responsive UI during data processing","duration":17,"failureMessages":[]},{"ancestorTitles":["","AuditLogViewer Integration Tests","Component Lifecycle Integration"],"fullName":" AuditLogViewer Integration Tests Component Lifecycle Integration should properly initialize with other components loaded","status":"passed","title":"should properly initialize with other components loaded","duration":13,"failureMessages":[]},{"ancestorTitles":["","AuditLogViewer Integration Tests","Component Lifecycle Integration"],"fullName":" AuditLogViewer Integration Tests Component Lifecycle Integration should handle component unmounting gracefully","status":"passed","title":"should handle component unmounting gracefully","duration":39,"failureMessages":[]},{"ancestorTitles":["","AuditLogViewer Integration Tests","Component Lifecycle Integration"],"fullName":" AuditLogViewer Integration Tests Component Lifecycle Integration should maintain data integrity during component updates","status":"passed","title":"should maintain data integrity during component updates","duration":11,"failureMessages":[]},{"ancestorTitles":["","AuditLogViewer Integration Tests","Cross-Component Event Tracking"],"fullName":" AuditLogViewer Integration Tests Cross-Component Event Tracking should correctly categorize events from different components","status":"passed","title":"should correctly categorize events from different components","duration":11,"failureMessages":[]},{"ancestorTitles":["","AuditLogViewer Integration Tests","Cross-Component Event Tracking"],"fullName":" AuditLogViewer Integration Tests Cross-Component Event Tracking should track user journey across components","status":"passed","title":"should track user journey across components","duration":11,"failureMessages":[]},{"ancestorTitles":["","AuditLogViewer Integration Tests","Export Integration"],"fullName":" AuditLogViewer Integration Tests Export Integration should export integrated logs with proper component attribution","status":"passed","title":"should export integrated logs with proper component attribution","duration":38,"failureMessages":[]}],"startTime":1759061875976,"endTime":1759061876936,"status":"passed","message":"","name":"/home/tom/github/zlecenia/1001.mask.services/js/features/auditLogViewer/0.1.0/auditLogViewer.integration.test.js"},{"assertionResults":[{"ancestorTitles":["","AuditLogViewer Component","Component Initialization"],"fullName":" AuditLogViewer Component Component Initialization should render audit log viewer component","status":"passed","title":"should render audit log viewer component","duration":128,"failureMessages":[]},{"ancestorTitles":["","AuditLogViewer Component","Component Initialization"],"fullName":" AuditLogViewer Component Component Initialization should initialize SecurityService on mount","status":"passed","title":"should initialize SecurityService on mount","duration":23,"failureMessages":[]},{"ancestorTitles":["","AuditLogViewer Component","Component Initialization"],"fullName":" AuditLogViewer Component Component Initialization should log viewer initialization event","status":"passed","title":"should log viewer initialization event","duration":35,"failureMessages":[]},{"ancestorTitles":["","AuditLogViewer Component","Component Initialization"],"fullName":" AuditLogViewer Component Component Initialization should render header with title and controls","status":"passed","title":"should render header with title and controls","duration":22,"failureMessages":[]},{"ancestorTitles":["","AuditLogViewer Component","Component Initialization"],"fullName":" AuditLogViewer Component Component Initialization should render filter controls","status":"passed","title":"should render filter controls","duration":19,"failureMessages":[]},{"ancestorTitles":["","AuditLogViewer Component","Audit Log Display"],"fullName":" AuditLogViewer Component Audit Log Display should display audit logs in table format","status":"passed","title":"should display audit logs in table format","duration":54,"failureMessages":[]},{"ancestorTitles":["","AuditLogViewer Component","Audit Log Display"],"fullName":" AuditLogViewer Component Audit Log Display should show correct log information","status":"passed","title":"should show correct log information","duration":31,"failureMessages":[]},{"ancestorTitles":["","AuditLogViewer Component","Audit Log Display"],"fullName":" AuditLogViewer Component Audit Log Display should format timestamps correctly","status":"passed","title":"should format timestamps correctly","duration":23,"failureMessages":[]},{"ancestorTitles":["","AuditLogViewer Component","Audit Log Display"],"fullName":" AuditLogViewer Component Audit Log Display should identify component names from event types","status":"passed","title":"should identify component names from event types","duration":24,"failureMessages":[]},{"ancestorTitles":["","AuditLogViewer Component","Audit Log Display"],"fullName":" AuditLogViewer Component Audit Log Display should determine correct log severity levels","status":"passed","title":"should determine correct log severity levels","duration":70,"failureMessages":[]},{"ancestorTitles":["","AuditLogViewer Component","Filtering and Search"],"fullName":" AuditLogViewer Component Filtering and Search should filter logs by search term","status":"passed","title":"should filter logs by search term","duration":26,"failureMessages":[]},{"ancestorTitles":["","AuditLogViewer Component","Filtering and Search"],"fullName":" AuditLogViewer Component Filtering and Search should filter logs by event type","status":"passed","title":"should filter logs by event type","duration":14,"failureMessages":[]},{"ancestorTitles":["","AuditLogViewer Component","Filtering and Search"],"fullName":" AuditLogViewer Component Filtering and Search should filter logs by time range","status":"passed","title":"should filter logs by time range","duration":14,"failureMessages":[]},{"ancestorTitles":["","AuditLogViewer Component","Filtering and Search"],"fullName":" AuditLogViewer Component Filtering and Search should filter logs by component","status":"passed","title":"should filter logs by component","duration":12,"failureMessages":[]},{"ancestorTitles":["","AuditLogViewer Component","Filtering and Search"],"fullName":" AuditLogViewer Component Filtering and Search should clear filters when reset","status":"passed","title":"should clear filters when reset","duration":35,"failureMessages":[]},{"ancestorTitles":["","AuditLogViewer Component","Sorting and Pagination"],"fullName":" AuditLogViewer Component Sorting and Pagination should sort logs by timestamp","status":"passed","title":"should sort logs by timestamp","duration":22,"failureMessages":[]},{"ancestorTitles":["","AuditLogViewer Component","Sorting and Pagination"],"fullName":" AuditLogViewer Component Sorting and Pagination should reverse sort direction on second click","status":"passed","title":"should reverse sort direction on second click","duration":25,"failureMessages":[]},{"ancestorTitles":["","AuditLogViewer Component","Sorting and Pagination"],"fullName":" AuditLogViewer Component Sorting and Pagination should paginate logs correctly","status":"passed","title":"should paginate logs correctly","duration":16,"failureMessages":[]},{"ancestorTitles":["","AuditLogViewer Component","Sorting and Pagination"],"fullName":" AuditLogViewer Component Sorting and Pagination should navigate between pages","status":"passed","title":"should navigate between pages","duration":29,"failureMessages":[]},{"ancestorTitles":["","AuditLogViewer Component","Statistics and Metrics"],"fullName":" AuditLogViewer Component Statistics and Metrics should calculate total events correctly","status":"passed","title":"should calculate total events correctly","duration":13,"failureMessages":[]},{"ancestorTitles":["","AuditLogViewer Component","Statistics and Metrics"],"fullName":" AuditLogViewer Component Statistics and Metrics should calculate security alerts count","status":"passed","title":"should calculate security alerts count","duration":12,"failureMessages":[]},{"ancestorTitles":["","AuditLogViewer Component","Statistics and Metrics"],"fullName":" AuditLogViewer Component Statistics and Metrics should update statistics when filters change","status":"passed","title":"should update statistics when filters change","duration":13,"failureMessages":[]},{"ancestorTitles":["","AuditLogViewer Component","Statistics and Metrics"],"fullName":" AuditLogViewer Component Statistics and Metrics should display statistics in UI","status":"passed","title":"should display statistics in UI","duration":14,"failureMessages":[]},{"ancestorTitles":["","AuditLogViewer Component","Export Functionality"],"fullName":" AuditLogViewer Component Export Functionality should export logs as CSV","status":"passed","title":"should export logs as CSV","duration":30,"failureMessages":[]},{"ancestorTitles":["","AuditLogViewer Component","Export Functionality"],"fullName":" AuditLogViewer Component Export Functionality should log export event","status":"passed","title":"should log export event","duration":27,"failureMessages":[]},{"ancestorTitles":["","AuditLogViewer Component","Export Functionality"],"fullName":" AuditLogViewer Component Export Functionality should disable export when no logs available","status":"passed","title":"should disable export when no logs available","duration":17,"failureMessages":[]},{"ancestorTitles":["","AuditLogViewer Component","Log Detail Modal"],"fullName":" AuditLogViewer Component Log Detail Modal should show modal when log is selected","status":"passed","title":"should show modal when log is selected","duration":14,"failureMessages":[]},{"ancestorTitles":["","AuditLogViewer Component","Log Detail Modal"],"fullName":" AuditLogViewer Component Log Detail Modal should display detailed log information in modal","status":"passed","title":"should display detailed log information in modal","duration":105,"failureMessages":[]},{"ancestorTitles":["","AuditLogViewer Component","Log Detail Modal"],"fullName":" AuditLogViewer Component Log Detail Modal should close modal when close button clicked","status":"passed","title":"should close modal when close button clicked","duration":17,"failureMessages":[]},{"ancestorTitles":["","AuditLogViewer Component","Log Detail Modal"],"fullName":" AuditLogViewer Component Log Detail Modal should close modal when background clicked","status":"passed","title":"should close modal when background clicked","duration":18,"failureMessages":[]},{"ancestorTitles":["","AuditLogViewer Component","Real-time Updates"],"fullName":" AuditLogViewer Component Real-time Updates should refresh logs automatically","status":"passed","title":"should refresh logs automatically","duration":16,"failureMessages":[]},{"ancestorTitles":["","AuditLogViewer Component","Real-time Updates"],"fullName":" AuditLogViewer Component Real-time Updates should clear interval on unmount","status":"passed","title":"should clear interval on unmount","duration":45,"failureMessages":[]},{"ancestorTitles":["","AuditLogViewer Component","Real-time Updates"],"fullName":" AuditLogViewer Component Real-time Updates should log refresh events","status":"passed","title":"should log refresh events","duration":22,"failureMessages":[]},{"ancestorTitles":["","AuditLogViewer Component","Error Handling"],"fullName":" AuditLogViewer Component Error Handling should handle SecurityService errors gracefully","status":"passed","title":"should handle SecurityService errors gracefully","duration":12,"failureMessages":[]},{"ancestorTitles":["","AuditLogViewer Component","Error Handling"],"fullName":" AuditLogViewer Component Error Handling should show empty state when no logs available","status":"passed","title":"should show empty state when no logs available","duration":15,"failureMessages":[]},{"ancestorTitles":["","AuditLogViewer Component","Error Handling"],"fullName":" AuditLogViewer Component Error Handling should handle missing SecurityService","status":"passed","title":"should handle missing SecurityService","duration":39,"failureMessages":[]},{"ancestorTitles":["","AuditLogViewer Component","Performance and Optimization"],"fullName":" AuditLogViewer Component Performance and Optimization should limit displayed logs for performance","status":"passed","title":"should limit displayed logs for performance","duration":49,"failureMessages":[]},{"ancestorTitles":["","AuditLogViewer Component","Performance and Optimization"],"fullName":" AuditLogViewer Component Performance and Optimization should debounce search operations","status":"passed","title":"should debounce search operations","duration":40,"failureMessages":[]},{"ancestorTitles":["","AuditLogViewer Component","Accessibility"],"fullName":" AuditLogViewer Component Accessibility should have proper ARIA labels","status":"passed","title":"should have proper ARIA labels","duration":14,"failureMessages":[]},{"ancestorTitles":["","AuditLogViewer Component","Accessibility"],"fullName":" AuditLogViewer Component Accessibility should support keyboard navigation","status":"passed","title":"should support keyboard navigation","duration":16,"failureMessages":[]},{"ancestorTitles":["","AuditLogViewer Component","7.9 Display Optimization"],"fullName":" AuditLogViewer Component 7.9 Display Optimization should have landscape-optimized CSS class","status":"passed","title":"should have landscape-optimized CSS class","duration":10,"failureMessages":[]},{"ancestorTitles":["","AuditLogViewer Component","7.9 Display Optimization"],"fullName":" AuditLogViewer Component 7.9 Display Optimization should render responsively for small displays","status":"passed","title":"should render responsively for small displays","duration":38,"failureMessages":[]}],"startTime":1759061875897,"endTime":1759061877119,"status":"passed","message":"","name":"/home/tom/github/zlecenia/1001.mask.services/js/features/auditLogViewer/0.1.0/auditLogViewer.test.js"},{"assertionResults":[],"startTime":1759061874417,"endTime":1759061874417,"status":"failed","message":"[vitest] There was an error when mocking a module. If you are using \"vi.mock\" factory, make sure there are no top level variables inside, since this call is hoisted to top of the file. Read more: https://vitest.dev/api/vi.html#vi-mock","name":"/home/tom/github/zlecenia/1001.mask.services/js/features/deviceData/0.1.0/deviceData.test.js"},{"assertionResults":[{"ancestorTitles":["","JSON Editor Component","Component Structure"],"fullName":" JSON Editor Component Component Structure should have correct exports","status":"passed","title":"should have correct exports","duration":2,"failureMessages":[]},{"ancestorTitles":["","JSON Editor Component","Component Structure"],"fullName":" JSON Editor Component Component Structure should have correct metadata","status":"passed","title":"should have correct metadata","duration":0,"failureMessages":[]},{"ancestorTitles":["","JSON Editor Component","Component Methods"],"fullName":" JSON Editor Component Component Methods should initialize correctly","status":"passed","title":"should initialize correctly","duration":1,"failureMessages":[]},{"ancestorTitles":["","JSON Editor Component","Component Methods"],"fullName":" JSON Editor Component Component Methods should handle loadConfig action","status":"passed","title":"should handle loadConfig action","duration":1,"failureMessages":[]},{"ancestorTitles":["","JSON Editor Component","Component Methods"],"fullName":" JSON Editor Component Component Methods should handle unknown actions gracefully","status":"passed","title":"should handle unknown actions gracefully","duration":0,"failureMessages":[]}],"startTime":1759061877894,"endTime":1759061877899,"status":"passed","message":"","name":"/home/tom/github/zlecenia/1001.mask.services/js/features/jsonEditor/0.1.0/jsonEditor.test.js"},{"assertionResults":[{"ancestorTitles":["","LoginForm Module","Module Structure"],"fullName":" LoginForm Module Module Structure should export required module interface","status":"passed","title":"should export required module interface","duration":3,"failureMessages":[]},{"ancestorTitles":["","LoginForm Module","Module Structure"],"fullName":" LoginForm Module Module Structure should have correct metadata","status":"passed","title":"should have correct metadata","duration":3,"failureMessages":[]},{"ancestorTitles":["","LoginForm Module","Module Structure"],"fullName":" LoginForm Module Module Structure should have validation functions","status":"passed","title":"should have validation functions","duration":1,"failureMessages":[]},{"ancestorTitles":["","LoginForm Module","Component Rendering"],"fullName":" LoginForm Module Component Rendering should render login form structure","status":"passed","title":"should render login form structure","duration":176,"failureMessages":[]},{"ancestorTitles":["","LoginForm Module","Component Rendering"],"fullName":" LoginForm Module Component Rendering should render input fields","status":"passed","title":"should render input fields","duration":24,"failureMessages":[]},{"ancestorTitles":["","LoginForm Module","Component Rendering"],"fullName":" LoginForm Module Component Rendering should render virtual keyboard","status":"passed","title":"should render virtual keyboard","duration":30,"failureMessages":[]},{"ancestorTitles":["","LoginForm Module","Component Rendering"],"fullName":" LoginForm Module Component Rendering should render submit button","status":"passed","title":"should render submit button","duration":25,"failureMessages":[]},{"ancestorTitles":["","LoginForm Module","Component Rendering"],"fullName":" LoginForm Module Component Rendering should have proper CSS classes for 7.9 inch display","status":"passed","title":"should have proper CSS classes for 7.9 inch display","duration":30,"failureMessages":[]},{"ancestorTitles":["","LoginForm Module","Form Validation"],"fullName":" LoginForm Module Form Validation should validate minimum username length","status":"passed","title":"should validate minimum username length","duration":67,"failureMessages":[]},{"ancestorTitles":["","LoginForm Module","Form Validation"],"fullName":" LoginForm Module Form Validation should validate minimum password length","status":"passed","title":"should validate minimum password length","duration":46,"failureMessages":[]},{"ancestorTitles":["","LoginForm Module","Form Validation"],"fullName":" LoginForm Module Form Validation should validate role selection","status":"passed","title":"should validate role selection","duration":59,"failureMessages":[]},{"ancestorTitles":["","LoginForm Module","Form Validation"],"fullName":" LoginForm Module Form Validation should pass validation with valid input","status":"passed","title":"should pass validation with valid input","duration":51,"failureMessages":[]},{"ancestorTitles":["","LoginForm Module","Form Validation"],"fullName":" LoginForm Module Form Validation should clear errors when input is corrected","status":"passed","title":"should clear errors when input is corrected","duration":39,"failureMessages":[]},{"ancestorTitles":["","LoginForm Module","Virtual Keyboard Functionality"],"fullName":" LoginForm Module Virtual Keyboard Functionality should show virtual keyboard by default","status":"passed","title":"should show virtual keyboard by default","duration":15,"failureMessages":[]},{"ancestorTitles":["","LoginForm Module","Virtual Keyboard Functionality"],"fullName":" LoginForm Module Virtual Keyboard Functionality should handle key presses","status":"passed","title":"should handle key presses","duration":43,"failureMessages":[]},{"ancestorTitles":["","LoginForm Module","Virtual Keyboard Functionality"],"fullName":" LoginForm Module Virtual Keyboard Functionality should handle special keys","status":"passed","title":"should handle special keys","duration":29,"failureMessages":[]},{"ancestorTitles":["","LoginForm Module","Virtual Keyboard Functionality"],"fullName":" LoginForm Module Virtual Keyboard Functionality should handle space key","status":"passed","title":"should handle space key","duration":21,"failureMessages":[]},{"ancestorTitles":["","LoginForm Module","Virtual Keyboard Functionality"],"fullName":" LoginForm Module Virtual Keyboard Functionality should handle caps lock","status":"passed","title":"should handle caps lock","duration":40,"failureMessages":[]},{"ancestorTitles":["","LoginForm Module","Virtual Keyboard Functionality"],"fullName":" LoginForm Module Virtual Keyboard Functionality should switch between username and password input","status":"passed","title":"should switch between username and password input","duration":12,"failureMessages":[]},{"ancestorTitles":["","LoginForm Module","Virtual Keyboard Functionality"],"fullName":" LoginForm Module Virtual Keyboard Functionality should prevent native keyboard on touch devices","status":"passed","title":"should prevent native keyboard on touch devices","duration":11,"failureMessages":[]},{"ancestorTitles":["","LoginForm Module","Authentication Flow"],"fullName":" LoginForm Module Authentication Flow should attempt login with valid credentials","status":"passed","title":"should attempt login with valid credentials","duration":84,"failureMessages":[]},{"ancestorTitles":["","LoginForm Module","Authentication Flow"],"fullName":" LoginForm Module Authentication Flow should show loading state during authentication","status":"passed","title":"should show loading state during authentication","duration":44,"failureMessages":[]},{"ancestorTitles":["","LoginForm Module","Authentication Flow"],"fullName":" LoginForm Module Authentication Flow should handle successful authentication","status":"passed","title":"should handle successful authentication","duration":39,"failureMessages":[]},{"ancestorTitles":["","LoginForm Module","Authentication Flow"],"fullName":" LoginForm Module Authentication Flow should handle authentication failure","status":"passed","title":"should handle authentication failure","duration":26,"failureMessages":[]},{"ancestorTitles":["","LoginForm Module","Role Selection"],"fullName":" LoginForm Module Role Selection should provide all available roles","status":"passed","title":"should provide all available roles","duration":11,"failureMessages":[]},{"ancestorTitles":["","LoginForm Module","Role Selection"],"fullName":" LoginForm Module Role Selection should show role descriptions","status":"passed","title":"should show role descriptions","duration":30,"failureMessages":[]},{"ancestorTitles":["","LoginForm Module","Role Selection"],"fullName":" LoginForm Module Role Selection should handle role change","status":"passed","title":"should handle role change","duration":13,"failureMessages":[]},{"ancestorTitles":["","LoginForm Module","Responsive Design"],"fullName":" LoginForm Module Responsive Design should have touch-friendly button sizes","status":"passed","title":"should have touch-friendly button sizes","duration":10,"failureMessages":[]},{"ancestorTitles":["","LoginForm Module","Responsive Design"],"fullName":" LoginForm Module Responsive Design should have proper spacing for 7.9 inch display","status":"passed","title":"should have proper spacing for 7.9 inch display","duration":11,"failureMessages":[]},{"ancestorTitles":["","LoginForm Module","Responsive Design"],"fullName":" LoginForm Module Responsive Design should handle window resize","status":"passed","title":"should handle window resize","duration":10,"failureMessages":[]},{"ancestorTitles":["","LoginForm Module","Module Lifecycle"],"fullName":" LoginForm Module Module Lifecycle should initialize correctly","status":"passed","title":"should initialize correctly","duration":1,"failureMessages":[]},{"ancestorTitles":["","LoginForm Module","Module Lifecycle"],"fullName":" LoginForm Module Module Lifecycle should handle initialization errors gracefully","status":"passed","title":"should handle initialization errors gracefully","duration":1,"failureMessages":[]},{"ancestorTitles":["","LoginForm Module","Module Lifecycle"],"fullName":" LoginForm Module Module Lifecycle should handle authentication requests","status":"passed","title":"should handle authentication requests","duration":1,"failureMessages":[]},{"ancestorTitles":["","LoginForm Module","Module Lifecycle"],"fullName":" LoginForm Module Module Lifecycle should handle validation requests","status":"passed","title":"should handle validation requests","duration":0,"failureMessages":[]},{"ancestorTitles":["","LoginForm Module","Module Lifecycle"],"fullName":" LoginForm Module Module Lifecycle should handle unknown requests","status":"passed","title":"should handle unknown requests","duration":28,"failureMessages":[]},{"ancestorTitles":["","LoginForm Module","Module Lifecycle"],"fullName":" LoginForm Module Module Lifecycle should cleanup correctly","status":"passed","title":"should cleanup correctly","duration":1,"failureMessages":[]},{"ancestorTitles":["","LoginForm Module","Integration Tests"],"fullName":" LoginForm Module Integration Tests should work with FeatureRegistry","status":"passed","title":"should work with FeatureRegistry","duration":4,"failureMessages":[]},{"ancestorTitles":["","LoginForm Module","Integration Tests"],"fullName":" LoginForm Module Integration Tests should integrate with Vue app instance","status":"passed","title":"should integrate with Vue app instance","duration":1,"failureMessages":[]},{"ancestorTitles":["","LoginForm Module","Security Tests"],"fullName":" LoginForm Module Security Tests should not expose passwords in component data","status":"passed","title":"should not expose passwords in component data","duration":13,"failureMessages":[]},{"ancestorTitles":["","LoginForm Module","Security Tests"],"fullName":" LoginForm Module Security Tests should validate credentials securely","status":"passed","title":"should validate credentials securely","duration":1,"failureMessages":[]},{"ancestorTitles":["","LoginForm Module","Security Tests"],"fullName":" LoginForm Module Security Tests should simulate authentication without real credentials","status":"passed","title":"should simulate authentication without real credentials","duration":0,"failureMessages":[]},{"ancestorTitles":["","LoginForm Module","Performance Tests"],"fullName":" LoginForm Module Performance Tests should render quickly","status":"passed","title":"should render quickly","duration":13,"failureMessages":[]},{"ancestorTitles":["","LoginForm Module","Performance Tests"],"fullName":" LoginForm Module Performance Tests should handle rapid key presses efficiently","status":"passed","title":"should handle rapid key presses efficiently","duration":163,"failureMessages":[]}],"startTime":1759061875945,"endTime":1759061877177,"status":"passed","message":"","name":"/home/tom/github/zlecenia/1001.mask.services/js/features/loginForm/0.1.0/loginForm.test.js"},{"assertionResults":[{"ancestorTitles":["","MainMenu Module","Module Structure"],"fullName":" MainMenu Module Module Structure should export required module interface","status":"passed","title":"should export required module interface","duration":7,"failureMessages":[]},{"ancestorTitles":["","MainMenu Module","Module Structure"],"fullName":" MainMenu Module Module Structure should have correct metadata","status":"passed","title":"should have correct metadata","duration":7,"failureMessages":[]},{"ancestorTitles":["","MainMenu Module","Module Structure"],"fullName":" MainMenu Module Module Structure should have role validation function","status":"passed","title":"should have role validation function","duration":1,"failureMessages":[]},{"ancestorTitles":["","MainMenu Module","Module Structure"],"fullName":" MainMenu Module Module Structure should have menu configuration","status":"passed","title":"should have menu configuration","duration":0,"failureMessages":[]},{"ancestorTitles":["","MainMenu Module","Role-Based Menu Configuration"],"fullName":" MainMenu Module Role-Based Menu Configuration should return correct menu items for OPERATOR role","status":"passed","title":"should return correct menu items for OPERATOR role","duration":3,"failureMessages":[]},{"ancestorTitles":["","MainMenu Module","Role-Based Menu Configuration"],"fullName":" MainMenu Module Role-Based Menu Configuration should return correct menu items for ADMIN role","status":"passed","title":"should return correct menu items for ADMIN role","duration":4,"failureMessages":[]},{"ancestorTitles":["","MainMenu Module","Role-Based Menu Configuration"],"fullName":" MainMenu Module Role-Based Menu Configuration should return correct menu items for SUPERUSER role","status":"passed","title":"should return correct menu items for SUPERUSER role","duration":2,"failureMessages":[]},{"ancestorTitles":["","MainMenu Module","Role-Based Menu Configuration"],"fullName":" MainMenu Module Role-Based Menu Configuration should return correct menu items for SERWISANT role","status":"passed","title":"should return correct menu items for SERWISANT role","duration":2,"failureMessages":[]},{"ancestorTitles":["","MainMenu Module","Role-Based Menu Configuration"],"fullName":" MainMenu Module Role-Based Menu Configuration should return empty array for invalid role","status":"passed","title":"should return empty array for invalid role","duration":1,"failureMessages":[]},{"ancestorTitles":["","MainMenu Module","Role-Based Menu Configuration"],"fullName":" MainMenu Module Role-Based Menu Configuration should ensure no menu overlap between roles","status":"passed","title":"should ensure no menu overlap between roles","duration":1,"failureMessages":[]},{"ancestorTitles":["","MainMenu Module","Role Validation"],"fullName":" MainMenu Module Role Validation should validate correct roles","status":"passed","title":"should validate correct roles","duration":0,"failureMessages":[]},{"ancestorTitles":["","MainMenu Module","Role Validation"],"fullName":" MainMenu Module Role Validation should reject invalid roles","status":"passed","title":"should reject invalid roles","duration":1,"failureMessages":[]},{"ancestorTitles":["","MainMenu Module","Role Validation"],"fullName":" MainMenu Module Role Validation should be case sensitive","status":"passed","title":"should be case sensitive","duration":0,"failureMessages":[]},{"ancestorTitles":["","MainMenu Module","Component Functionality - OPERATOR Role"],"fullName":" MainMenu Module Component Functionality - OPERATOR Role should render menu container","status":"passed","title":"should render menu container","duration":48,"failureMessages":[]},{"ancestorTitles":["","MainMenu Module","Component Functionality - OPERATOR Role"],"fullName":" MainMenu Module Component Functionality - OPERATOR Role should display correct number of menu items for OPERATOR","status":"failed","title":"should display correct number of menu items for OPERATOR","duration":65,"failureMessages":["expected [ DOMWrapper{ …(2) } ] to have a length of 2 but got 1"],"location":{"line":190,"column":25}},{"ancestorTitles":["","MainMenu Module","Component Functionality - OPERATOR Role"],"fullName":" MainMenu Module Component Functionality - OPERATOR Role should display role-specific styling for OPERATOR","status":"passed","title":"should display role-specific styling for OPERATOR","duration":12,"failureMessages":[]},{"ancestorTitles":["","MainMenu Module","Component Functionality - OPERATOR Role"],"fullName":" MainMenu Module Component Functionality - OPERATOR Role should show correct menu items for OPERATOR","status":"failed","title":"should show correct menu items for OPERATOR","duration":6,"failureMessages":["expected [ 'menu.dashboard' ] to include 'menu.monitoring'"],"location":{"line":202,"column":25}},{"ancestorTitles":["","MainMenu Module","Component Functionality - OPERATOR Role"],"fullName":" MainMenu Module Component Functionality - OPERATOR Role should handle menu item clicks","status":"failed","title":"should handle menu item clicks","duration":8,"failureMessages":["expected \"spy\" to be called at least once"],"location":{"line":210,"column":31}},{"ancestorTitles":["","MainMenu Module","Component Functionality - ADMIN Role"],"fullName":" MainMenu Module Component Functionality - ADMIN Role should display correct number of menu items for ADMIN","status":"failed","title":"should display correct number of menu items for ADMIN","duration":10,"failureMessages":["expected [ DOMWrapper{ …(2) } ] to have a length of 4 but got 1"],"location":{"line":232,"column":25}},{"ancestorTitles":["","MainMenu Module","Component Functionality - ADMIN Role"],"fullName":" MainMenu Module Component Functionality - ADMIN Role should display role-specific styling for ADMIN","status":"failed","title":"should display role-specific styling for ADMIN","duration":11,"failureMessages":["expected [ 'main-menu', 'role-operator' ] to include 'role-admin'"],"location":{"line":237,"column":30}},{"ancestorTitles":["","MainMenu Module","Component Functionality - ADMIN Role"],"fullName":" MainMenu Module Component Functionality - ADMIN Role should show correct menu items for ADMIN","status":"failed","title":"should show correct menu items for ADMIN","duration":6,"failureMessages":["expected [ 'menu.dashboard' ] to include 'menu.tests'"],"location":{"line":244,"column":25}},{"ancestorTitles":["","MainMenu Module","Component Functionality - SUPERUSER Role"],"fullName":" MainMenu Module Component Functionality - SUPERUSER Role should display correct number of menu items for SUPERUSER","status":"failed","title":"should display correct number of menu items for SUPERUSER","duration":19,"failureMessages":["expected [ DOMWrapper{ …(2) } ] to have a length of 4 but got 1"],"location":{"line":269,"column":25}},{"ancestorTitles":["","MainMenu Module","Component Functionality - SUPERUSER Role"],"fullName":" MainMenu Module Component Functionality - SUPERUSER Role should display role-specific styling for SUPERUSER","status":"failed","title":"should display role-specific styling for SUPERUSER","duration":14,"failureMessages":["expected [ 'main-menu', 'role-operator' ] to include 'role-superuser'"],"location":{"line":274,"column":30}},{"ancestorTitles":["","MainMenu Module","Component Functionality - SUPERUSER Role"],"fullName":" MainMenu Module Component Functionality - SUPERUSER Role should show advanced menu items for SUPERUSER","status":"failed","title":"should show advanced menu items for SUPERUSER","duration":7,"failureMessages":["expected [ 'menu.dashboard' ] to include 'menu.integration'"],"location":{"line":281,"column":25}},{"ancestorTitles":["","MainMenu Module","Component Functionality - SERWISANT Role"],"fullName":" MainMenu Module Component Functionality - SERWISANT Role should display correct number of menu items for SERWISANT","status":"failed","title":"should display correct number of menu items for SERWISANT","duration":5,"failureMessages":["expected [ DOMWrapper{ …(2) } ] to have a length of 5 but got 1"],"location":{"line":306,"column":25}},{"ancestorTitles":["","MainMenu Module","Component Functionality - SERWISANT Role"],"fullName":" MainMenu Module Component Functionality - SERWISANT Role should display role-specific styling for SERWISANT","status":"failed","title":"should display role-specific styling for SERWISANT","duration":6,"failureMessages":["expected [ 'main-menu', 'role-operator' ] to include 'role-serwisant'"],"location":{"line":311,"column":30}},{"ancestorTitles":["","MainMenu Module","Component Functionality - SERWISANT Role"],"fullName":" MainMenu Module Component Functionality - SERWISANT Role should show technical menu items for SERWISANT","status":"failed","title":"should show technical menu items for SERWISANT","duration":5,"failureMessages":["expected [ 'menu.dashboard' ] to include 'menu.diagnostics'"],"location":{"line":318,"column":25}},{"ancestorTitles":["","MainMenu Module","Error Handling"],"fullName":" MainMenu Module Error Handling should handle missing user role gracefully","status":"failed","title":"should handle missing user role gracefully","duration":6,"failureMessages":["expected [ DOMWrapper{ …(2) } ] to have a length of +0 but got 1"],"location":{"line":345,"column":25}},{"ancestorTitles":["","MainMenu Module","Error Handling"],"fullName":" MainMenu Module Error Handling should handle invalid user role gracefully","status":"failed","title":"should handle invalid user role gracefully","duration":23,"failureMessages":["expected [ DOMWrapper{ …(2) } ] to have a length of +0 but got 1"],"location":{"line":364,"column":25}},{"ancestorTitles":["","MainMenu Module","Error Handling"],"fullName":" MainMenu Module Error Handling should handle missing store gracefully","status":"passed","title":"should handle missing store gracefully","duration":4,"failureMessages":[]},{"ancestorTitles":["","MainMenu Module","Module Lifecycle"],"fullName":" MainMenu Module Module Lifecycle should initialize correctly","status":"passed","title":"should initialize correctly","duration":3,"failureMessages":[]},{"ancestorTitles":["","MainMenu Module","Module Lifecycle"],"fullName":" MainMenu Module Module Lifecycle should handle initialization errors gracefully","status":"passed","title":"should handle initialization errors gracefully","duration":0,"failureMessages":[]},{"ancestorTitles":["","MainMenu Module","Module Lifecycle"],"fullName":" MainMenu Module Module Lifecycle should handle menu requests correctly","status":"passed","title":"should handle menu requests correctly","duration":1,"failureMessages":[]},{"ancestorTitles":["","MainMenu Module","Module Lifecycle"],"fullName":" MainMenu Module Module Lifecycle should handle role validation requests","status":"passed","title":"should handle role validation requests","duration":1,"failureMessages":[]},{"ancestorTitles":["","MainMenu Module","Module Lifecycle"],"fullName":" MainMenu Module Module Lifecycle should handle unknown requests","status":"passed","title":"should handle unknown requests","duration":0,"failureMessages":[]},{"ancestorTitles":["","MainMenu Module","Module Lifecycle"],"fullName":" MainMenu Module Module Lifecycle should cleanup correctly","status":"passed","title":"should cleanup correctly","duration":1,"failureMessages":[]},{"ancestorTitles":["","MainMenu Module","Integration Tests"],"fullName":" MainMenu Module Integration Tests should work with FeatureRegistry","status":"passed","title":"should work with FeatureRegistry","duration":59,"failureMessages":[]},{"ancestorTitles":["","MainMenu Module","Integration Tests"],"fullName":" MainMenu Module Integration Tests should integrate with Vue app instance","status":"passed","title":"should integrate with Vue app instance","duration":1,"failureMessages":[]},{"ancestorTitles":["","MainMenu Module","Accessibility Tests"],"fullName":" MainMenu Module Accessibility Tests should have proper ARIA attributes","status":"failed","title":"should have proper ARIA attributes","duration":6,"failureMessages":["expected undefined to be 'navigation' // Object.is equality"],"location":{"line":487,"column":39}},{"ancestorTitles":["","MainMenu Module","Accessibility Tests"],"fullName":" MainMenu Module Accessibility Tests should have keyboard navigation support","status":"failed","title":"should have keyboard navigation support","duration":12,"failureMessages":["expected undefined not to be undefined"],"location":{"line":494,"column":45}},{"ancestorTitles":["","MainMenu Module","Accessibility Tests"],"fullName":" MainMenu Module Accessibility Tests should support keyboard interaction","status":"failed","title":"should support keyboard interaction","duration":6,"failureMessages":["expected \"spy\" to be called at least once"],"location":{"line":503,"column":31}},{"ancestorTitles":["","MainMenu Module","Performance Tests"],"fullName":" MainMenu Module Performance Tests should render quickly for all roles","status":"passed","title":"should render quickly for all roles","duration":12,"failureMessages":[]}],"startTime":1759061875967,"endTime":1759061876357,"status":"failed","message":"","name":"/home/tom/github/zlecenia/1001.mask.services/js/features/mainMenu/0.1.0/mainMenu.test.js"},{"assertionResults":[{"ancestorTitles":["","PageTemplate Module","Module Structure"],"fullName":" PageTemplate Module Module Structure should export required module interface","status":"passed","title":"should export required module interface","duration":16,"failureMessages":[]},{"ancestorTitles":["","PageTemplate Module","Module Structure"],"fullName":" PageTemplate Module Module Structure should have correct metadata","status":"passed","title":"should have correct metadata","duration":4,"failureMessages":[]},{"ancestorTitles":["","PageTemplate Module","Component Functionality"],"fullName":" PageTemplate Module Component Functionality should render page structure correctly","status":"passed","title":"should render page structure correctly","duration":180,"failureMessages":[]},{"ancestorTitles":["","PageTemplate Module","Component Functionality"],"fullName":" PageTemplate Module Component Functionality should display title in header","status":"passed","title":"should display title in header","duration":15,"failureMessages":[]},{"ancestorTitles":["","PageTemplate Module","Component Functionality"],"fullName":" PageTemplate Module Component Functionality should show sidebar when enabled","status":"passed","title":"should show sidebar when enabled","duration":14,"failureMessages":[]},{"ancestorTitles":["","PageTemplate Module","Component Functionality"],"fullName":" PageTemplate Module Component Functionality should hide sidebar when disabled","status":"passed","title":"should hide sidebar when disabled","duration":17,"failureMessages":[]},{"ancestorTitles":["","PageTemplate Module","Component Functionality"],"fullName":" PageTemplate Module Component Functionality should show pressure panel when enabled","status":"passed","title":"should show pressure panel when enabled","duration":11,"failureMessages":[]},{"ancestorTitles":["","PageTemplate Module","Component Functionality"],"fullName":" PageTemplate Module Component Functionality should hide pressure panel when disabled","status":"passed","title":"should hide pressure panel when disabled","duration":12,"failureMessages":[]},{"ancestorTitles":["","PageTemplate Module","Component Functionality"],"fullName":" PageTemplate Module Component Functionality should render main content area","status":"passed","title":"should render main content area","duration":10,"failureMessages":[]},{"ancestorTitles":["","PageTemplate Module","Pressure Panel"],"fullName":" PageTemplate Module Pressure Panel should display pressure values from store","status":"passed","title":"should display pressure values from store","duration":11,"failureMessages":[]},{"ancestorTitles":["","PageTemplate Module","Pressure Panel"],"fullName":" PageTemplate Module Pressure Panel should handle missing pressure data gracefully","status":"passed","title":"should handle missing pressure data gracefully","duration":7,"failureMessages":[]},{"ancestorTitles":["","PageTemplate Module","Pressure Panel"],"fullName":" PageTemplate Module Pressure Panel should apply warning styles for high differential","status":"passed","title":"should apply warning styles for high differential","duration":16,"failureMessages":[]},{"ancestorTitles":["","PageTemplate Module","Pressure Panel"],"fullName":" PageTemplate Module Pressure Panel should apply critical styles for very high differential","status":"passed","title":"should apply critical styles for very high differential","duration":14,"failureMessages":[]},{"ancestorTitles":["","PageTemplate Module","Responsive Design"],"fullName":" PageTemplate Module Responsive Design should have correct CSS classes for 7.9 inch display","status":"passed","title":"should have correct CSS classes for 7.9 inch display","duration":6,"failureMessages":[]},{"ancestorTitles":["","PageTemplate Module","Responsive Design"],"fullName":" PageTemplate Module Responsive Design should have proper touch-friendly styling","status":"passed","title":"should have proper touch-friendly styling","duration":4,"failureMessages":[]},{"ancestorTitles":["","PageTemplate Module","Responsive Design"],"fullName":" PageTemplate Module Responsive Design should handle window resize events","status":"passed","title":"should handle window resize events","duration":11,"failureMessages":[]},{"ancestorTitles":["","PageTemplate Module","Module Lifecycle"],"fullName":" PageTemplate Module Module Lifecycle should initialize correctly","status":"passed","title":"should initialize correctly","duration":1,"failureMessages":[]},{"ancestorTitles":["","PageTemplate Module","Module Lifecycle"],"fullName":" PageTemplate Module Module Lifecycle should handle initialization errors gracefully","status":"passed","title":"should handle initialization errors gracefully","duration":0,"failureMessages":[]},{"ancestorTitles":["","PageTemplate Module","Module Lifecycle"],"fullName":" PageTemplate Module Module Lifecycle should handle requests correctly","status":"passed","title":"should handle requests correctly","duration":1,"failureMessages":[]},{"ancestorTitles":["","PageTemplate Module","Module Lifecycle"],"fullName":" PageTemplate Module Module Lifecycle should handle unknown requests","status":"passed","title":"should handle unknown requests","duration":1,"failureMessages":[]},{"ancestorTitles":["","PageTemplate Module","Module Lifecycle"],"fullName":" PageTemplate Module Module Lifecycle should cleanup correctly","status":"passed","title":"should cleanup correctly","duration":0,"failureMessages":[]},{"ancestorTitles":["","PageTemplate Module","Integration Tests"],"fullName":" PageTemplate Module Integration Tests should work with FeatureRegistry","status":"passed","title":"should work with FeatureRegistry","duration":9,"failureMessages":[]},{"ancestorTitles":["","PageTemplate Module","Integration Tests"],"fullName":" PageTemplate Module Integration Tests should integrate with Vue app instance","status":"passed","title":"should integrate with Vue app instance","duration":1,"failureMessages":[]},{"ancestorTitles":["","PageTemplate Module","Performance Tests"],"fullName":" PageTemplate Module Performance Tests should render within acceptable time","status":"passed","title":"should render within acceptable time","duration":4,"failureMessages":[]},{"ancestorTitles":["","PageTemplate Module","Performance Tests"],"fullName":" PageTemplate Module Performance Tests should handle large content efficiently","status":"passed","title":"should handle large content efficiently","duration":10,"failureMessages":[]}],"startTime":1759061877330,"endTime":1759061877709,"status":"passed","message":"","name":"/home/tom/github/zlecenia/1001.mask.services/js/features/pageTemplate/0.1.0/pageTemplate.test.js"},{"assertionResults":[{"ancestorTitles":["","PressurePanel Module","Module Structure and Metadata"],"fullName":" PressurePanel Module Module Structure and Metadata should have correct module metadata","status":"passed","title":"should have correct module metadata","duration":110,"failureMessages":[]},{"ancestorTitles":["","PressurePanel Module","Module Structure and Metadata"],"fullName":" PressurePanel Module Module Structure and Metadata should have required module methods","status":"passed","title":"should have required module methods","duration":12,"failureMessages":[]},{"ancestorTitles":["","PressurePanel Module","Module Structure and Metadata"],"fullName":" PressurePanel Module Module Structure and Metadata should handle module initialization","status":"passed","title":"should handle module initialization","duration":11,"failureMessages":[]},{"ancestorTitles":["","PressurePanel Module","Module Structure and Metadata"],"fullName":" PressurePanel Module Module Structure and Metadata should handle module actions via handle method","status":"passed","title":"should handle module actions via handle method","duration":18,"failureMessages":[]},{"ancestorTitles":["","PressurePanel Module","Component Rendering"],"fullName":" PressurePanel Module Component Rendering should render pressure panel successfully","status":"passed","title":"should render pressure panel successfully","duration":13,"failureMessages":[]},{"ancestorTitles":["","PressurePanel Module","Component Rendering"],"fullName":" PressurePanel Module Component Rendering should display panel title with translation","status":"passed","title":"should display panel title with translation","duration":9,"failureMessages":[]},{"ancestorTitles":["","PressurePanel Module","Component Rendering"],"fullName":" PressurePanel Module Component Rendering should display all pressure sensors","status":"passed","title":"should display all pressure sensors","duration":7,"failureMessages":[]},{"ancestorTitles":["","PressurePanel Module","Component Rendering"],"fullName":" PressurePanel Module Component Rendering should display sensor labels with translations","status":"passed","title":"should display sensor labels with translations","duration":8,"failureMessages":[]},{"ancestorTitles":["","PressurePanel Module","Component Rendering"],"fullName":" PressurePanel Module Component Rendering should display sensor values and units","status":"passed","title":"should display sensor values and units","duration":9,"failureMessages":[]},{"ancestorTitles":["","PressurePanel Module","Component Rendering"],"fullName":" PressurePanel Module Component Rendering should display sensor status indicators","status":"passed","title":"should display sensor status indicators","duration":10,"failureMessages":[]},{"ancestorTitles":["","PressurePanel Module","Component Rendering"],"fullName":" PressurePanel Module Component Rendering should display sensor bars with correct styling","status":"passed","title":"should display sensor bars with correct styling","duration":9,"failureMessages":[]},{"ancestorTitles":["","PressurePanel Module","Component Rendering"],"fullName":" PressurePanel Module Component Rendering should display threshold information","status":"passed","title":"should display threshold information","duration":15,"failureMessages":[]},{"ancestorTitles":["","PressurePanel Module","Component Rendering"],"fullName":" PressurePanel Module Component Rendering should display panel footer with refresh controls","status":"passed","title":"should display panel footer with refresh controls","duration":43,"failureMessages":[]},{"ancestorTitles":["","PressurePanel Module","Reactivity and Props"],"fullName":" PressurePanel Module Reactivity and Props should react to pressureData prop changes","status":"passed","title":"should react to pressureData prop changes","duration":9,"failureMessages":[]},{"ancestorTitles":["","PressurePanel Module","Reactivity and Props"],"fullName":" PressurePanel Module Reactivity and Props should react to alertThresholds prop changes","status":"passed","title":"should react to alertThresholds prop changes","duration":7,"failureMessages":[]},{"ancestorTitles":["","PressurePanel Module","Reactivity and Props"],"fullName":" PressurePanel Module Reactivity and Props should update sensor bar widths based on values","status":"passed","title":"should update sensor bar widths based on values","duration":6,"failureMessages":[]},{"ancestorTitles":["","PressurePanel Module","Reactivity and Props"],"fullName":" PressurePanel Module Reactivity and Props should handle reactive store changes","status":"passed","title":"should handle reactive store changes","duration":13,"failureMessages":[]},{"ancestorTitles":["","PressurePanel Module","Lifecycle and Initialization"],"fullName":" PressurePanel Module Lifecycle and Initialization should mount component successfully","status":"passed","title":"should mount component successfully","duration":7,"failureMessages":[]},{"ancestorTitles":["","PressurePanel Module","Lifecycle and Initialization"],"fullName":" PressurePanel Module Lifecycle and Initialization should have correct component name","status":"passed","title":"should have correct component name","duration":15,"failureMessages":[]},{"ancestorTitles":["","PressurePanel Module","Lifecycle and Initialization"],"fullName":" PressurePanel Module Lifecycle and Initialization should initialize computed properties correctly","status":"passed","title":"should initialize computed properties correctly","duration":11,"failureMessages":[]},{"ancestorTitles":["","PressurePanel Module","Lifecycle and Initialization"],"fullName":" PressurePanel Module Lifecycle and Initialization should initialize time updates","status":"passed","title":"should initialize time updates","duration":7,"failureMessages":[]},{"ancestorTitles":["","PressurePanel Module","Lifecycle and Initialization"],"fullName":" PressurePanel Module Lifecycle and Initialization should handle component destruction cleanly","status":"passed","title":"should handle component destruction cleanly","duration":7,"failureMessages":[]},{"ancestorTitles":["","PressurePanel Module","Interactions and Events"],"fullName":" PressurePanel Module Interactions and Events should emit sensors-refreshed event on refresh button click","status":"passed","title":"should emit sensors-refreshed event on refresh button click","duration":1120,"failureMessages":[]},{"ancestorTitles":["","PressurePanel Module","Interactions and Events"],"fullName":" PressurePanel Module Interactions and Events should emit pressure-alert events for critical sensors","status":"passed","title":"should emit pressure-alert events for critical sensors","duration":47,"failureMessages":[]},{"ancestorTitles":["","PressurePanel Module","Interactions and Events"],"fullName":" PressurePanel Module Interactions and Events should disable refresh button during refresh","status":"passed","title":"should disable refresh button during refresh","duration":8,"failureMessages":[]},{"ancestorTitles":["","PressurePanel Module","Interactions and Events"],"fullName":" PressurePanel Module Interactions and Events should show spinning icon during refresh","status":"passed","title":"should show spinning icon during refresh","duration":7,"failureMessages":[]},{"ancestorTitles":["","PressurePanel Module","Interactions and Events"],"fullName":" PressurePanel Module Interactions and Events should handle touch events for 7.9\" display optimization","status":"passed","title":"should handle touch events for 7.9\" display optimization","duration":7,"failureMessages":[]},{"ancestorTitles":["","PressurePanel Module","Methods and Business Logic"],"fullName":" PressurePanel Module Methods and Business Logic should format sensor values 
[...]
le Module Structure should have correct metadata","status":"passed","title":"should have correct metadata","duration":3,"failureMessages":[]},{"ancestorTitles":["","PageTemplate Module","Component Functionality"],"fullName":" PageTemplate Module Component Functionality should render page structure correctly","status":"passed","title":"should render page structure correctly","duration":92,"failureMessages":[]},{"ancestorTitles":["","PageTemplate Module","Component Functionality"],"fullName":" PageTemplate Module Component Functionality should display title in header","status":"passed","title":"should display title in header","duration":10,"failureMessages":[]},{"ancestorTitles":["","PageTemplate Module","Component Functionality"],"fullName":" PageTemplate Module Component Functionality should show sidebar when enabled","status":"passed","title":"should show sidebar when enabled","duration":9,"failureMessages":[]},{"ancestorTitles":["","PageTemplate Module","Component Functionality"],"fullName":" PageTemplate Module Component Functionality should hide sidebar when disabled","status":"passed","title":"should hide sidebar when disabled","duration":12,"failureMessages":[]},{"ancestorTitles":["","PageTemplate Module","Component Functionality"],"fullName":" PageTemplate Module Component Functionality should show pressure panel when enabled","status":"passed","title":"should show pressure panel when enabled","duration":10,"failureMessages":[]},{"ancestorTitles":["","PageTemplate Module","Component Functionality"],"fullName":" PageTemplate Module Component Functionality should hide pressure panel when disabled","status":"passed","title":"should hide pressure panel when disabled","duration":12,"failureMessages":[]},{"ancestorTitles":["","PageTemplate Module","Component Functionality"],"fullName":" PageTemplate Module Component Functionality should render main content area","status":"passed","title":"should render main content area","duration":7,"failureMessages":[]},{"ancestorTitles":["","PageTemplate Module","Pressure Panel"],"fullName":" PageTemplate Module Pressure Panel should display pressure values from store","status":"passed","title":"should display pressure values from store","duration":31,"failureMessages":[]},{"ancestorTitles":["","PageTemplate Module","Pressure Panel"],"fullName":" PageTemplate Module Pressure Panel should handle missing pressure data gracefully","status":"passed","title":"should handle missing pressure data gracefully","duration":8,"failureMessages":[]},{"ancestorTitles":["","PageTemplate Module","Pressure Panel"],"fullName":" PageTemplate Module Pressure Panel should apply warning styles for high differential","status":"passed","title":"should apply warning styles for high differential","duration":8,"failureMessages":[]},{"ancestorTitles":["","PageTemplate Module","Pressure Panel"],"fullName":" PageTemplate Module Pressure Panel should apply critical styles for very high differential","status":"passed","title":"should apply critical styles for very high differential","duration":9,"failureMessages":[]},{"ancestorTitles":["","PageTemplate Module","Responsive Design"],"fullName":" PageTemplate Module Responsive Design should have correct CSS classes for 7.9 inch display","status":"passed","title":"should have correct CSS classes for 7.9 inch display","duration":5,"failureMessages":[]},{"ancestorTitles":["","PageTemplate Module","Responsive Design"],"fullName":" PageTemplate Module Responsive Design should have proper touch-friendly styling","status":"passed","title":"should have proper touch-friendly styling","duration":5,"failureMessages":[]},{"ancestorTitles":["","PageTemplate Module","Responsive Design"],"fullName":" PageTemplate Module Responsive Design should handle window resize events","status":"passed","title":"should handle window resize events","duration":9,"failureMessages":[]},{"ancestorTitles":["","PageTemplate Module","Module Lifecycle"],"fullName":" PageTemplate Module Module Lifecycle should initialize correctly","status":"passed","title":"should initialize correctly","duration":0,"failureMessages":[]},{"ancestorTitles":["","PageTemplate Module","Module Lifecycle"],"fullName":" PageTemplate Module Module Lifecycle should handle initialization errors gracefully","status":"passed","title":"should handle initialization errors gracefully","duration":1,"failureMessages":[]},{"ancestorTitles":["","PageTemplate Module","Module Lifecycle"],"fullName":" PageTemplate Module Module Lifecycle should handle requests correctly","status":"passed","title":"should handle requests correctly","duration":0,"failureMessages":[]},{"ancestorTitles":["","PageTemplate Module","Module Lifecycle"],"fullName":" PageTemplate Module Module Lifecycle should handle unknown requests","status":"passed","title":"should handle unknown requests","duration":1,"failureMessages":[]},{"ancestorTitles":["","PageTemplate Module","Module Lifecycle"],"fullName":" PageTemplate Module Module Lifecycle should cleanup correctly","status":"passed","title":"should cleanup correctly","duration":0,"failureMessages":[]},{"ancestorTitles":["","PageTemplate Module","Integration Tests"],"fullName":" PageTemplate Module Integration Tests should work with FeatureRegistry","status":"passed","title":"should work with FeatureRegistry","duration":8,"failureMessages":[]},{"ancestorTitles":["","PageTemplate Module","Integration Tests"],"fullName":" PageTemplate Module Integration Tests should integrate with Vue app instance","status":"passed","title":"should integrate with Vue app instance","duration":1,"failureMessages":[]},{"ancestorTitles":["","PageTemplate Module","Performance Tests"],"fullName":" PageTemplate Module Performance Tests should render within acceptable time","status":"passed","title":"should render within acceptable time","duration":7,"failureMessages":[]},{"ancestorTitles":["","PageTemplate Module","Performance Tests"],"fullName":" PageTemplate Module Performance Tests should handle large content efficiently","status":"passed","title":"should handle large content efficiently","duration":11,"failureMessages":[]}],"startTime":1759061877473,"endTime":1759061877737,"status":"passed","message":"","name":"/home/tom/github/zlecenia/1001.mask.services/backups/backup-20250926-201225/js/features/pageTemplate/0.1.0/pageTemplate.test.js"},{"assertionResults":[{"ancestorTitles":["","PressurePanel Module","Module Structure and Metadata"],"fullName":" PressurePanel Module Module Structure and Metadata should have correct module metadata","status":"passed","title":"should have correct module metadata","duration":97,"failureMessages":[]},{"ancestorTitles":["","PressurePanel Module","Module Structure and Metadata"],"fullName":" PressurePanel Module Module Structure and Metadata should have required module methods","status":"passed","title":"should have required module methods","duration":15,"failureMessages":[]},{"ancestorTitles":["","PressurePanel Module","Module Structure and Metadata"],"fullName":" PressurePanel Module Module Structure and Metadata should handle module initialization","status":"passed","title":"should handle module initialization","duration":8,"failureMessages":[]},{"ancestorTitles":["","PressurePanel Module","Module Structure and Metadata"],"fullName":" PressurePanel Module Module Structure and Metadata should handle module actions via handle method","status":"passed","title":"should handle module actions via handle method","duration":8,"failureMessages":[]},{"ancestorTitles":["","PressurePanel Module","Component Rendering"],"fullName":" PressurePanel Module Component Rendering should render pressure panel successfully","status":"passed","title":"should render pressure panel successfully","duration":10,"failureMessages":[]},{"ancestorTitles":["","PressurePanel Module","Component Rendering"],"fullName":" PressurePanel Module Component Rendering should display panel title with translation","status":"passed","title":"should display panel title with translation","duration":9,"failureMessages":[]},{"ancestorTitles":["","PressurePanel Module","Component Rendering"],"fullName":" PressurePanel Module Component Rendering should display all pressure sensors","status":"passed","title":"should display all pressure sensors","duration":7,"failureMessages":[]},{"ancestorTitles":["","PressurePanel Module","Component Rendering"],"fullName":" PressurePanel Module Component Rendering should display sensor labels with translations","status":"passed","title":"should display sensor labels with translations","duration":7,"failureMessages":[]},{"ancestorTitles":["","PressurePanel Module","Component Rendering"],"fullName":" PressurePanel Module Component Rendering should display sensor values and units","status":"passed","title":"should display sensor values and units","duration":17,"failureMessages":[]},{"ancestorTitles":["","PressurePanel Module","Component Rendering"],"fullName":" PressurePanel Module Component Rendering should display sensor status indicators","status":"passed","title":"should display sensor status indicators","duration":10,"failureMessages":[]},{"ancestorTitles":["","PressurePanel Module","Component Rendering"],"fullName":" PressurePanel Module Component Rendering should display sensor bars with correct styling","status":"passed","title":"should display sensor bars with correct styling","duration":8,"failureMessages":[]},{"ancestorTitles":["","PressurePanel Module","Component Rendering"],"fullName":" PressurePanel Module Component Rendering should display threshold information","status":"passed","title":"should display threshold information","duration":7,"failureMessages":[]},{"ancestorTitles":["","PressurePanel Module","Component Rendering"],"fullName":" PressurePanel Module Component Rendering should display panel footer with refresh controls","status":"passed","title":"should display panel footer with refresh controls","duration":7,"failureMessages":[]},{"ancestorTitles":["","PressurePanel Module","Reactivity and Props"],"fullName":" PressurePanel Module Reactivity and Props should react to pressureData prop changes","status":"passed","title":"should react to pressureData prop changes","duration":9,"failureMessages":[]},{"ancestorTitles":["","PressurePanel Module","Reactivity and Props"],"fullName":" PressurePanel Module Reactivity and Props should react to alertThresholds prop changes","status":"passed","title":"should react to alertThresholds prop changes","duration":7,"failureMessages":[]},{"ancestorTitles":["","PressurePanel Module","Reactivity and Props"],"fullName":" PressurePanel Module Reactivity and Props should update sensor bar widths based on values","status":"passed","title":"should update sensor bar widths based on values","duration":27,"failureMessages":[]},{"ancestorTitles":["","PressurePanel Module","Reactivity and Props"],"fullName":" PressurePanel Module Reactivity and Props should handle reactive store changes","status":"passed","title":"should handle reactive store changes","duration":7,"failureMessages":[]},{"ancestorTitles":["","PressurePanel Module","Lifecycle and Initialization"],"fullName":" PressurePanel Module Lifecycle and Initialization should mount component successfully","status":"passed","title":"should mount component successfully","duration":18,"failureMessages":[]},{"ancestorTitles":["","PressurePanel Module","Lifecycle and Initialization"],"fullName":" PressurePanel Module Lifecycle and Initialization should have correct component name","status":"passed","title":"should have correct component name","duration":6,"failureMessages":[]},{"ancestorTitles":["","PressurePanel Module","Lifecycle and Initialization"],"fullName":" PressurePanel Module Lifecycle and Initialization should initialize computed properties correctly","status":"passed","title":"should initialize computed properties correctly","duration":6,"failureMessages":[]},{"ancestorTitles":["","PressurePanel Module","Lifecycle and Initialization"],"fullName":" PressurePanel Module Lifecycle and Initialization should initialize time updates","status":"passed","title":"should initialize time updates","duration":6,"failureMessages":[]},{"ancestorTitles":["","PressurePanel Module","Lifecycle and Initialization"],"fullName":" PressurePanel Module Lifecycle and Initialization should handle component destruction cleanly","status":"passed","title":"should handle component destruction cleanly","duration":8,"failureMessages":[]},{"ancestorTitles":["","PressurePanel Module","Interactions and Events"],"fullName":" PressurePanel Module Interactions and Events should emit sensors-refreshed event on refresh button click","status":"passed","title":"should emit sensors-refreshed event on refresh button click","duration":1108,"failureMessages":[]},{"ancestorTitles":["","PressurePanel Module","Interactions and Events"],"fullName":" PressurePanel Module Interactions and Events should emit pressure-alert events for critical sensors","status":"passed","title":"should emit pressure-alert events for critical sensors","duration":17,"failureMessages":[]},{"ancestorTitles":["","PressurePanel Module","Interactions and Events"],"fullName":" PressurePanel Module Interactions and Events should disable refresh button during refresh","status":"passed","title":"should disable refresh button during refresh","duration":23,"failureMessages":[]},{"ancestorTitles":["","PressurePanel Module","Interactions and Events"],"fullName":" PressurePanel Module Interactions and Events should show spinning icon during refresh","status":"passed","title":"should show spinning icon during refresh","duration":19,"failureMessages":[]},{"ancestorTitles":["","PressurePanel Module","Interactions and Events"],"fullName":" PressurePanel Module Interactions and Events should handle touch events for 7.9\" display optimization","status":"passed","title":"should handle touch events for 7.9\" display optimization","duration":7,"failureMessages":[]},{"ancestorTitles":["","PressurePanel Module","Methods and Business Logic"],"fullName":" PressurePanel Module Methods and Business Logic should format sensor values correctly","status":"passed","title":"should format sensor values correctly","duration":6,"failureMessages":[]},{"ancestorTitles":["","PressurePanel Module","Methods and Business Logic"],"fullName":" PressurePanel Module Methods and Business Logic should calculate sensor bar widths correctly","status":"passed","title":"should calculate sensor bar widths correctly","duration":5,"failureMessages":[]},{"ancestorTitles":["","PressurePanel Module","Methods and Business Logic"],"fullName":" PressurePanel Module Methods and Business Logic should get correct sensor labels","status":"passed","title":"should get correct sensor labels","duration":5,"failureMessages":[]},{"ancestorTitles":["","PressurePanel Module","Methods and Business Logic"],"fullName":" PressurePanel Module Methods and Business Logic should get correct warning thresholds","status":"passed","title":"should get correct warning thresholds","duration":22,"failureMessages":[]},{"ancestorTitles":["","PressurePanel Module","Methods and Business Logic"],"fullName":" PressurePanel Module Methods and Business Logic should get correct critical thresholds","status":"passed","title":"should get correct critical thresholds","duration":7,"failureMessages":[]},{"ancestorTitles":["","PressurePanel Module","Methods and Business Logic"],"fullName":" PressurePanel Module Methods and Business Logic should get correct sensor status classes","status":"passed","title":"should get correct sensor status classes","duration":21,"failureMessages":[]},{"ancestorTitles":["","PressurePanel Module","Methods and Business Logic"],"fullName":" PressurePanel Module Methods and Business Logic should update time format correctly","status":"passed","title":"should update time format correctly","duration":6,"failureMessages":[]},{"ancestorTitles":["","PressurePanel Module","Accessibility and UX"],"fullName":" PressurePanel Module Accessibility and UX should have proper ARIA labels for interactive elements","status":"passed","title":"should have proper ARIA labels for interactive elements","duration":4,"failureMessages":[]},{"ancestorTitles":["","PressurePanel Module","Accessibility and UX"],"fullName":" PressurePanel Module Accessibility and UX should be optimized for 7.9\" landscape display","status":"passed","title":"should be optimized for 7.9\" landscape display","duration":9,"failureMessages":[]},{"ancestorTitles":["","PressurePanel Module","Accessibility and UX"],"fullName":" PressurePanel Module Accessibility and UX should have readable font sizes for industrial display","status":"passed","title":"should have readable font sizes for industrial display","duration":7,"failureMessages":[]},{"ancestorTitles":["","PressurePanel Module","Accessibility and UX"],"fullName":" PressurePanel Module Accessibility and UX should provide visual feedback for sensor status","status":"passed","title":"should provide visual feedback for sensor status","duration":6,"failureMessages":[]},{"ancestorTitles":["","PressurePanel Module","Props Validation and Defaults"],"fullName":" PressurePanel Module Props Validation and Defaults should use default pressureData values when props not provided","status":"passed","title":"should use default pressureData values when props not provided","duration":15,"failureMessages":[]},{"ancestorTitles":["","PressurePanel Module","Props Validation and Defaults"],"fullName":" PressurePanel Module Props Validation and Defaults should use default alertThresholds when props not provided","status":"passed","title":"should use default alertThresholds when props not provided","duration":5,"failureMessages":[]},{"ancestorTitles":["","PressurePanel Module","Props Validation and Defaults"],"fullName":" PressurePanel Module Props Validation and Defaults should handle null pressureData gracefully","status":"passed","title":"should handle null pressureData gracefully","duration":4,"failureMessages":[]},{"ancestorTitles":["","PressurePanel Module","Props Validation and Defaults"],"fullName":" PressurePanel Module Props Validation and Defaults should handle missing sensor properties gracefully","status":"passed","title":"should handle missing sensor properties gracefully","duration":5,"failureMessages":[]},{"ancestorTitles":["","PressurePanel Module","Responsiveness and Styling"],"fullName":" PressurePanel Module Responsiveness and Styling should apply correct CSS classes for sensor status","status":"passed","title":"should apply correct CSS classes for sensor status","duration":6,"failureMessages":[]},{"ancestorTitles":["","PressurePanel Module","Responsiveness and Styling"],"fullName":" PressurePanel Module Responsiveness and Styling should have proper layout structure","status":"passed","title":"should have proper layout structure","duration":5,"failureMessages":[]},{"ancestorTitles":["","PressurePanel Module","Responsiveness and Styling"],"fullName":" PressurePanel Module Responsiveness and Styling should maintain layout integrity with extreme values","status":"passed","title":"should maintain layout integrity with extreme values","duration":4,"failureMessages":[]},{"ancestorTitles":["","PressurePanel Module","Responsiveness and Styling"],"fullName":" PressurePanel Module Responsiveness and Styling should clean up time interval on component unmount","status":"passed","title":"should clean up time interval on component unmount","duration":4,"failureMessages":[]},{"ancestorTitles":["","PressurePanel Module","Responsiveness and Styling"],"fullName":" PressurePanel Module Responsiveness and Styling should handle long sensor refresh operations","status":"passed","title":"should handle long sensor refresh operations","duration":1106,"failureMessages":[]}],"startTime":1759061875923,"endTime":1759061878656,"status":"passed","message":"","name":"/home/tom/github/zlecenia/1001.mask.services/backups/backup-20250926-201225/js/features/pressurePanel/0.1.0/pressurePanel.test.js"}]}