{"numTotalTestSuites":13,"numPassedTestSuites":13,"numFailedTestSuites":0,"numPendingTestSuites":0,"numTotalTests":43,"numPassedTests":29,"numFailedTests":14,"numPendingTests":0,"numTodoTests":0,"startTime":1758894633395,"success":false,"testResults":[{"assertionResults":[{"ancestorTitles":["","LoginForm Module","Module Structure"],"fullName":" LoginForm Module Module Structure should export required module interface","status":"passed","title":"should export required module interface","duration":2,"failureMessages":[]},{"ancestorTitles":["","LoginForm Module","Module Structure"],"fullName":" LoginForm Module Module Structure should have correct metadata","status":"passed","title":"should have correct metadata","duration":2,"failureMessages":[]},{"ancestorTitles":["","LoginForm Module","Module Structure"],"fullName":" LoginForm Module Module Structure should have validation functions","status":"passed","title":"should have validation functions","duration":0,"failureMessages":[]},{"ancestorTitles":["","LoginForm Module","Component Rendering"],"fullName":" LoginForm Module Component Rendering should render login form structure","status":"passed","title":"should render login form structure","duration":64,"failureMessages":[]},{"ancestorTitles":["","LoginForm Module","Component Rendering"],"fullName":" LoginForm Module Component Rendering should render input fields","status":"passed","title":"should render input fields","duration":12,"failureMessages":[]},{"ancestorTitles":["","LoginForm Module","Component Rendering"],"fullName":" LoginForm Module Component Rendering should render virtual keyboard","status":"passed","title":"should render virtual keyboard","duration":11,"failureMessages":[]},{"ancestorTitles":["","LoginForm Module","Component Rendering"],"fullName":" LoginForm Module Component Rendering should render submit button","status":"passed","title":"should render submit button","duration":12,"failureMessages":[]},{"ancestorTitles":["","LoginForm Module","Component Rendering"],"fullName":" LoginForm Module Component Rendering should have proper CSS classes for 7.9 inch display","status":"passed","title":"should have proper CSS classes for 7.9 inch display","duration":10,"failureMessages":[]},{"ancestorTitles":["","LoginForm Module","Form Validation"],"fullName":" LoginForm Module Form Validation should validate minimum username length","status":"passed","title":"should validate minimum username length","duration":20,"failureMessages":[]},{"ancestorTitles":["","LoginForm Module","Form Validation"],"fullName":" LoginForm Module Form Validation should validate minimum password length","status":"passed","title":"should validate minimum password length","duration":24,"failureMessages":[]},{"ancestorTitles":["","LoginForm Module","Form Validation"],"fullName":" LoginForm Module Form Validation should validate role selection","status":"passed","title":"should validate role selection","duration":15,"failureMessages":[]},{"ancestorTitles":["","LoginForm Module","Form Validation"],"fullName":" LoginForm Module Form Validation should pass validation with valid input","status":"failed","title":"should pass validation with valid input","duration":25,"failureMessages":["expected [ 'role' ] to have a length of +0 but got 1"],"location":{"line":215,"column":46}},{"ancestorTitles":["","LoginForm Module","Form Validation"],"fullName":" LoginForm Module Form Validation should clear errors when input is corrected","status":"passed","title":"should clear errors when input is corrected","duration":17,"failureMessages":[]},{"ancestorTitles":["","LoginForm Module","Virtual Keyboard Functionality"],"fullName":" LoginForm Module Virtual Keyboard Functionality should show virtual keyboard by default","status":"passed","title":"should show virtual keyboard by default","duration":9,"failureMessages":[]},{"ancestorTitles":["","LoginForm Module","Virtual Keyboard Functionality"],"fullName":" LoginForm Module Virtual Keyboard Functionality should handle key presses","status":"failed","title":"should handle key presses","duration":9,"failureMessages":["expected '' to be 'a' // Object.is equality"],"location":{"line":263,"column":40}},{"ancestorTitles":["","LoginForm Module","Virtual Keyboard Functionality"],"fullName":" LoginForm Module Virtual Keyboard Functionality should handle special keys","status":"failed","title":"should handle special keys","duration":12,"failureMessages":["expected 'test' to be 'tes' // Object.is equality"],"location":{"line":282,"column":40}},{"ancestorTitles":["","LoginForm Module","Virtual Keyboard Functionality"],"fullName":" LoginForm Module Virtual Keyboard Functionality should handle space key","status":"failed","title":"should handle space key","duration":9,"failureMessages":["expected 'ab' to be 'a b' // Object.is equality"],"location":{"line":294,"column":40}},{"ancestorTitles":["","LoginForm Module","Virtual Keyboard Functionality"],"fullName":" LoginForm Module Virtual Keyboard Functionality should handle caps lock","status":"failed","title":"should handle caps lock","duration":11,"failureMessages":["expected false to be true // Object.is equality"],"location":{"line":301,"column":35}},{"ancestorTitles":["","LoginForm Module","Virtual Keyboard Functionality"],"fullName":" LoginForm Module Virtual Keyboard Functionality should switch between username and password input","status":"passed","title":"should switch between username and password input","duration":6,"failureMessages":[]},{"ancestorTitles":["","LoginForm Module","Virtual Keyboard Functionality"],"fullName":" LoginForm Module Virtual Keyboard Functionality should prevent native keyboard on touch devices","status":"failed","title":"should prevent native keyboard on touch devices","duration":7,"failureMessages":["Cannot set property type of #<Event> which has only a getter"],"location":{"line":1339,"column":28}},{"ancestorTitles":["","LoginForm Module","Authentication Flow"],"fullName":" LoginForm Module Authentication Flow should attempt login with valid credentials","status":"failed","title":"should attempt login with valid credentials","duration":11,"failureMessages":["expected \"spy\" to be called with arguments: [ 'auth/login', …(1) ]\n\nReceived: \n\n\n\nNumber of calls: 0\n"],"location":{"line":359,"column":34}},{"ancestorTitles":["","LoginForm Module","Authentication Flow"],"fullName":" LoginForm Module Authentication Flow should show loading state during authentication","status":"failed","title":"should show loading state during authentication","duration":14,"failureMessages":["expected false to be true // Object.is equality"],"location":{"line":383,"column":34}},{"ancestorTitles":["","LoginForm Module","Authentication Flow"],"fullName":" LoginForm Module Authentication Flow should handle successful authentication","status":"failed","title":"should handle successful authentication","duration":10,"failureMessages":["expected \"spy\" to be called with arguments: [ '/dashboard' ]\n\nReceived: \n\n\n\nNumber of calls: 0\n"],"location":{"line":402,"column":31}},{"ancestorTitles":["","LoginForm Module","Authentication Flow"],"fullName":" LoginForm Module Authentication Flow should handle authentication failure","status":"failed","title":"should handle authentication failure","duration":11,"failureMessages":["expected 'Role selection is required' to contain 'Invalid credentials'"],"location":{"line":426,"column":53}},{"ancestorTitles":["","LoginForm Module","Role Selection"],"fullName":" LoginForm Module Role Selection should provide all available roles","status":"failed","title":"should provide all available roles","duration":7,"failureMessages":["expected [ 'pl', 'en', 'de' ] to deeply equal [ 'OPERATOR', 'ADMIN', …(2) ]"],"location":{"line":450,"column":26}},{"ancestorTitles":["","LoginForm Module","Role Selection"],"fullName":" LoginForm Module Role Selection should show role descriptions","status":"failed","title":"should show role descriptions","duration":11,"failureMessages":["Cannot read properties of undefined (reading 'text')"],"location":{"line":458,"column":29}},{"ancestorTitles":["","LoginForm Module","Role Selection"],"fullName":" LoginForm Module Role Selection should handle role change","status":"failed","title":"should handle role change","duration":11,"failureMessages":["expected '' to be 'ADMIN' // Object.is equality"],"location":{"line":465,"column":36}},{"ancestorTitles":["","LoginForm Module","Responsive Design"],"fullName":" LoginForm Module Responsive Design should have touch-friendly button sizes","status":"passed","title":"should have touch-friendly button sizes","duration":11,"failureMessages":[]},{"ancestorTitles":["","LoginForm Module","Responsive Design"],"fullName":" LoginForm Module Responsive Design should have proper spacing for 7.9 inch display","status":"passed","title":"should have proper spacing for 7.9 inch display","duration":5,"failureMessages":[]},{"ancestorTitles":["","LoginForm Module","Responsive Design"],"fullName":" LoginForm Module Responsive Design should handle window resize","status":"failed","title":"should handle window resize","duration":6,"failureMessages":["expected \"bound handleResize\" to be called at least once"],"location":{"line":503,"column":25}},{"ancestorTitles":["","LoginForm Module","Module Lifecycle"],"fullName":" LoginForm Module Module Lifecycle should initialize correctly","status":"passed","title":"should initialize correctly","duration":1,"failureMessages":[]},{"ancestorTitles":["","LoginForm Module","Module Lifecycle"],"fullName":" LoginForm Module Module Lifecycle should handle initialization errors gracefully","status":"passed","title":"should handle initialization errors gracefully","duration":0,"failureMessages":[]},{"ancestorTitles":["","LoginForm Module","Module Lifecycle"],"fullName":" LoginForm Module Module Lifecycle should handle authentication requests","status":"passed","title":"should handle authentication requests","duration":1,"failureMessages":[]},{"ancestorTitles":["","LoginForm Module","Module Lifecycle"],"fullName":" LoginForm Module Module Lifecycle should handle validation requests","status":"passed","title":"should handle validation requests","duration":0,"failureMessages":[]},{"ancestorTitles":["","LoginForm Module","Module Lifecycle"],"fullName":" LoginForm Module Module Lifecycle should handle unknown requests","status":"passed","title":"should handle unknown requests","duration":0,"failureMessages":[]},{"ancestorTitles":["","LoginForm Module","Module Lifecycle"],"fullName":" LoginForm Module Module Lifecycle should cleanup correctly","status":"passed","title":"should cleanup correctly","duration":1,"failureMessages":[]},{"ancestorTitles":["","LoginForm Module","Integration Tests"],"fullName":" LoginForm Module Integration Tests should work with FeatureRegistry","status":"passed","title":"should work with FeatureRegistry","duration":19,"failureMessages":[]},{"ancestorTitles":["","LoginForm Module","Integration Tests"],"fullName":" LoginForm Module Integration Tests should integrate with Vue app instance","status":"passed","title":"should integrate with Vue app instance","duration":0,"failureMessages":[]},{"ancestorTitles":["","LoginForm Module","Security Tests"],"fullName":" LoginForm Module Security Tests should not expose passwords in component data","status":"passed","title":"should not expose passwords in component data","duration":7,"failureMessages":[]},{"ancestorTitles":["","LoginForm Module","Security Tests"],"fullName":" LoginForm Module Security Tests should validate credentials securely","status":"passed","title":"should validate credentials securely","duration":0,"failureMessages":[]},{"ancestorTitles":["","LoginForm Module","Security Tests"],"fullName":" LoginForm Module Security Tests should simulate authentication without real credentials","status":"passed","title":"should simulate authentication without real credentials","duration":1,"failureMessages":[]},{"ancestorTitles":["","LoginForm Module","Performance Tests"],"fullName":" LoginForm Module Performance Tests should render quickly","status":"passed","title":"should render quickly","duration":5,"failureMessages":[]},{"ancestorTitles":["","LoginForm Module","Performance Tests"],"fullName":" LoginForm Module Performance Tests should handle rapid key presses efficiently","status":"passed","title":"should handle rapid key presses efficiently","duration":48,"failureMessages":[]}],"startTime":1758894634105,"endTime":1758894634564,"status":"failed","message":"","name":"/home/tom/github/zlecenia/1001.mask.services/js/features/loginForm/v1/loginForm.test.js"}]}